<html>
<body>
<pre>
<h1>µVision Build Log</h1>
<h2>Tool Versions:</h2>
IDE-Version: µVision V5.15
Copyright (C) 2015 ARM Ltd and ARM Germany GmbH. All rights reserved.
License Information: Josie Hughes, Univeristy, LIC=----
 
Tool Versions:
Toolchain:       MDK-Lite  Version: 5.15.0
Toolchain Path:  C:\Keil_v5\ARM\ARMCC\Bin
C Compiler:      Armcc.exe V5.05 update 2 (build 169)
Assembler:       Armasm.exe V5.05 update 2 (build 169)
Linker/Locator:  ArmLink.exe V5.05 update 2 (build 169)
Library Manager: ArmAr.exe V5.05 update 2 (build 169)
Hex Converter:   FromElf.exe V5.05 update 2 (build 169)
CPU DLL:         SARMCM3.DLL V5.15.0
Dialog DLL:      DARMCM1.DLL V1.12.0.0
Target DLL:      Segger\JL2CM3.dll V2.99.15.0
Dialog DLL:      TARMCM1.DLL V1.9.0.0
 
<h2>Project:</h2>
C:\Users\Josie\Documents\OnPersonDevice_Keil\SPI_nrF\Blinky.uvproj
Project File Date:  07/11/2015

<h2>Output:</h2>
*** Using Compiler 'V5.05 update 2 (build 169)', folder: 'C:\Keil_v5\ARM\ARMCC\Bin'
Build target 'ULink - Flash'
compiling Blinky.c...
gps.h(16): warning:  #1-D: last line of file ends without a newline
  */
spi.h(4): warning:  #1-D: last line of file ends without a newline
    
C:\Keil_v5\ARM\ARMCC\Bin\..\include\rw/_defs.h(781): error:  #20: identifier "namespace" is undefined
  
RWSTD_NAMESPACE_BEGIN (__rw)
C:\Keil_v5\ARM\ARMCC\Bin\..\include\rw/_defs.h(781): error:  #65: expected a ";"
  
RWSTD_NAMESPACE_BEGIN (__rw)
C:\Keil_v5\ARM\ARMCC\Bin\..\include\limits(265): error:  #20: identifier "namespace" is undefined
  
RWSTD_NAMESPACE_BEGIN (std)
C:\Keil_v5\ARM\ARMCC\Bin\..\include\limits(265): error:  #65: expected a ";"
  
RWSTD_NAMESPACE_BEGIN (std)
C:\Keil_v5\ARM\ARMCC\Bin\..\include\limits(294): error:  #20: identifier "_TypeT" is undefined
      static _TypeT min () _THROWS (()) { return 0; }
C:\Keil_v5\ARM\ARMCC\Bin\..\include\limits(295): error:  #20: identifier "_TypeT" is undefined
      static _TypeT max () _THROWS (()) { return 0; }
C:\Keil_v5\ARM\ARMCC\Bin\..\include\limits(300): error:  #20: identifier "bool" is undefined
      
RWSTD_STATIC_CONST (bool, is_signed  = false);
KB: Unexpected type: 0
error type>(300): error:  #20: identifier "false" is undefined
      
RWSTD_STATIC_CONST (bool, is_signed  = false);
C:\Keil_v5\ARM\ARMCC\Bin\..\include\limits(301): error:  #20: identifier "bool" is undefined
      
RWSTD_STATIC_CONST (bool, is_integer = false);
KB: Unexpected type: 0
error type>(302): error:  #20: identifier "bool" is undefined
      
RWSTD_STATIC_CONST (bool, is_exact   = false);
KB: Unexpected type: 0
error type>(306): error:  #20: identifier "_TypeT" is undefined
      static _TypeT epsilon () _THROWS (()) { return 0; }
C:\Keil_v5\ARM\ARMCC\Bin\..\include\limits(307): error:  #20: identifier "_TypeT" is undefined
      static _TypeT round_error () _THROWS (()) { return 0; }
C:\Keil_v5\ARM\ARMCC\Bin\..\include\limits(314): error:  #20: identifier "bool" is undefined
      
RWSTD_STATIC_CONST (bool, has_infinity             = false);
KB: Unexpected type: 0
error type>(315): error:  #20: identifier "bool" is undefined
      
RWSTD_STATIC_CONST (bool, has_quiet_NaN            = false);
KB: Unexpected type: 0
error type>(316): error:  #20: identifier "bool" is undefined
      
RWSTD_STATIC_CONST (bool, has_signaling_NaN        = false);
KB: Unexpected type: 0
error type>(317): error:  #20: identifier "float_denorm_style" is undefined
      
RWSTD_STATIC_CONST (float_denorm_style, has_denorm = denorm_absent);
KB: Unexpected type: 0
error type>(317): error:  #20: identifier "denorm_absent" is undefined
      
RWSTD_STATIC_CONST (float_denorm_style, has_denorm = denorm_absent);
C:\Keil_v5\ARM\ARMCC\Bin\..\include\limits(318): error:  #20: identifier "bool" is undefined
      
RWSTD_STATIC_CONST (bool, has_denorm_loss          = false);
KB: Unexpected type: 0
error type>(320): error:  #20: identifier "_TypeT" is undefined
      static _TypeT infinity () _THROWS (()) { return 0; }
C:\Keil_v5\ARM\ARMCC\Bin\..\include\limits(321): error:  #20: identifier "_TypeT" is undefined
      static _TypeT quiet_NaN () _THROWS (()) { return 0; }
C:\Keil_v5\ARM\ARMCC\Bin\..\include\limits(322): error:  #20: identifier "_TypeT" is undefined
      static _TypeT signaling_NaN () _THROWS (()) { return 0; }
C:\Keil_v5\ARM\ARMCC\Bin\..\include\limits(323): error:  #20: identifier "_TypeT" is undefined
      static _TypeT denorm_min () _THROWS (()) { return 0; }
C:\Keil_v5\ARM\ARMCC\Bin\..\include\limits(325): error:  #20: identifier "bool" is undefined
      
RWSTD_STATIC_CONST (bool, is_iec559        = false);
KB: Unexpected type: 0
error type>(326): error:  #20: identifier "bool" is undefined
      
RWSTD_STATIC_CONST (bool, is_bounded       = false);
KB: Unexpected type: 0
error type>(327): error:  #20: identifier "bool" is undefined
      
RWSTD_STATIC_CONST (bool, is_modulo        = false);
KB: Unexpected type: 0
error type>(328): error:  #20: identifier "bool" is undefined
      
RWSTD_STATIC_CONST (bool, traps            = false);
KB: Unexpected type: 0
error type>(329): error:  #20: identifier "bool" is undefined
      
RWSTD_STATIC_CONST (bool, tinyness_before  = false);
KB: Unexpected type: 0
error type>(330): error:  #20: identifier "float_round_style" is undefined
      
RWSTD_STATIC_CONST (float_round_style, round_style = round_toward_zero);
KB: Unexpected type: 0
error type>(330): error:  #20: identifier "round_toward_zero" is undefined
      
RWSTD_STATIC_CONST (float_round_style, round_style = round_toward_zero);
C:\Keil_v5\ARM\ARMCC\Bin\..\include\limits(331): error:  #169: expected a declaration
  };
Blinky.c: 2 warnings, 30 errors
compiling nrf.c...
nrf.h(50): error:  #20: identifier "class" is undefined
  class nRF24L01P {
nrf.h(50): error:  #65: expected a ";"
  class nRF24L01P {
nrf.h(71): warning:  #12-D: parsing restarts here after previous syntax error
      void setRfFrequency(int frequency = 
EFAULT_NRF24L01P_RF_FREQUENCY);
nrf.h(85): error:  #18: expected a ")"
      void setRfOutputPower(int power = DEFAULT_NRF24L01P_TX_PWR);
nrf.h(99): error:  #18: expected a ")"
      void setAirDataRate(int rate = DEFAULT_NRF24L01P_DATARATE);
nrf.h(113): error:  #18: expected a ")"
      void setCrcWidth(int width = DEFAULT_NRF24L01P_CRC);
nrf.h(134): error:  #18: expected a ")"
      void setRxAddress(unsigned long long address = DEFAULT_NRF24L01P_ADDRESS, int width = DEFAULT_NRF24L01P_ADDRESS_WIDTH, int pipe = NRF24L01P_PIPE_P0);
nrf.h(136): error:  #18: expected a ")"
      void setRxAddress(unsigned long msb_address, unsigned long lsb_address, int width, int pipe = NRF24L01P_PIPE_P0);
nrf.h(136): error:  #147-D: declaration is incompatible with "void setRxAddress(unsigned long long)" (declared at line 134)
      void setRxAddress(unsigned long msb_address, unsigned long lsb_address, int width, int pipe = 
RF24L01P_PIPE_P0);
nrf.h(147): error:  #18: expected a ")"
      void setTxAddress(unsigned long long address = DEFAULT_NRF24L01P_ADDRESS, int width = DEFAULT_NRF24L01P_ADDRESS_WIDTH);
nrf.h(149): error:  #147-D: declaration is incompatible with "void setTxAddress(unsigned long long)" (declared at line 147)
      void setTxAddress(unsigned long msb_address, unsigned long lsb_address, int width);
nrf.h(157): error:  #18: expected a ")"
      unsigned long long getRxAddress(int pipe = NRF24L01P_PIPE_P0);
nrf.h(172): error:  #18: expected a ")"
      void setTransferSize(int size = DEFAULT_NRF24L01P_TRANSFER_SIZE, int pipe = NRF24L01P_PIPE_P0);
nrf.h(179): error:  #18: expected a ")"
      int getTransferSize(int pipe = NRF24L01P_PIPE_P0);
nrf.h(187): error:  #20: identifier "bool" is undefined
      bool getRPD(void);
nrf.h(245): error:  #20: identifier "bool" is undefined
      bool readable(int pipe = NRF24L01P_PIPE_P0);
nrf.h(245): error:  #18: expected a ")"
      bool readable(int pipe = NRF24L01P_PIPE_P0);
nrf.h(264): error:  #18: expected a ")"
      void enableAutoAcknowledge(int pipe = NRF24L01P_PIPE_P0);
nrf.h(279): error:  #77-D: this declaration has no storage class or type specifier
  private:
nrf.h(279): error:  #65: expected a ";"
  private:
nrf.h(287): warning:  #12-D: parsing restarts here after previous syntax error
      int getRegister(int regAddress);
nrf.h(304): error:  #20: identifier "SPI" is undefined
      SPI         spi_;
nrf.h(305): error:  #20: identifier "DigitalOut" is undefined
      DigitalOut  nCS_;
nrf.h(306): error:  #20: identifier "DigitalOut" is undefined
      DigitalOut  ce_;
nrf.h(307): error:  #20: identifier "InterruptIn" is undefined
      InterruptIn nIRQ_;
nrf.h(311): error:  #169: expected a declaration
  };
nrf.c(138): error:  #77-D: this declaration has no storage class or type specifier
  nRF24L01P::nRF24L01P(PinName mosi, 
nrf.c(138): error:  #65: expected a ";"
  nRF24L01P::nRF24L01P(PinName mosi, 
nrf.c(164): warning:  #12-D: parsing restarts here after previous syntax error
      setRfFrequency();
nrf.c(165): warning:  #1295-D: Deprecated declaration setRfOutputPower - give arg types
      setRfOutputPower();
nrf.c(165): warning:  #77-D: this declaration has no storage class or type specifier
      setRfOutputPower();
nrf.c(165): error:  #147: declaration is incompatible with "void setRfOutputPower(int)" (declared at line 85 of "nrf.h")
      setRfOutputPower();
nrf.c(166): warning:  #1295-D: Deprecated declaration setAirDataRate - give arg types
      setAirDataRate();
nrf.c(166): warning:  #77-D: this declaration has no storage class or type specifier
      setAirDataRate();
nrf.c(166): error:  #147: declaration is incompatible with "void setAirDataRate(int)" (declared at line 99 of "nrf.h")
      setAirDataRate();
nrf.c(167): warning:  #1295-D: Deprecated declaration setCrcWidth - give arg types
      setCrcWidth();
nrf.c(167): warning:  #77-D: this declaration has no storage class or type specifier
      setCrcWidth();
nrf.c(167): error:  #147: declaration is incompatible with "void setCrcWidth(int)" (declared at line 113 of "nrf.h")
      setCrcWidth();
nrf.c(168): warning:  #1295-D: Deprecated declaration setTxAddress - give arg types
      setTxAddress();
nrf.c(168): warning:  #77-D: this declaration has no storage class or type specifier
      setTxAddress();
nrf.c(168): error:  #147: declaration is incompatible with "void setTxAddress(unsigned long, unsigned long, int)" (declared at line 147 of "nrf.h")
      setTxAddress();
nrf.c: 11 warnings, 30 errors
".\Flash\Blinky.axf" - 60 Error(s), 13 Warning(s).
Target not created.
</pre>
</body>
</html>
